This is pdfTeXk, Version 3.141592-1.40.3 (Web2C 7.5.6) (format=pdflatex 2010.5.19)  16 MAY 2011 16:26
entering extended mode
 %&-line parsing enabled.
**interface_functions.tex
(./interface_functions.tex
LaTeX2e <2005/12/01>
Babel <v3.8h> and hyphenation patterns for english, usenglishmax, dumylang, noh
yphenation, loaded.
(/usr/share/texmf-texlive/tex/latex/base/article.cls
Document Class: article 2005/09/16 v1.4f Standard LaTeX document class
(/usr/share/texmf-texlive/tex/latex/base/size10.clo
File: size10.clo 2005/09/16 v1.4f Standard LaTeX file (size option)
)
\c@part=\count79
\c@section=\count80
\c@subsection=\count81
\c@subsubsection=\count82
\c@paragraph=\count83
\c@subparagraph=\count84
\c@figure=\count85
\c@table=\count86
\abovecaptionskip=\skip41
\belowcaptionskip=\skip42
\bibindent=\dimen102
)
(/usr/share/texmf-texlive/tex/latex/base/inputenc.sty
Package: inputenc 2006/05/05 v1.1b Input encoding file
\inpenc@prehook=\toks14
\inpenc@posthook=\toks15

(/usr/share/texmf-texlive/tex/latex/ucs/utf8x.def
File: utf8x.def 2004/10/17 UCS: Input encoding UTF-8
))
(/usr/share/texmf-texlive/tex/latex/ucs/ucs.sty
Package: ucs 2004/10/17 UCS: Unicode input support

(/usr/share/texmf-texlive/tex/latex/ucs/data/uni-global.def
File: uni-global.def 2004/10/17 UCS: Unicode global data
)
\uc@secondtry=\count87
\uc@combtoks=\toks16
\uc@combtoksb=\toks17
\uc@temptokena=\toks18
)
(./interface_functions.aux)
\openout1 = `interface_functions.aux'.

LaTeX Font Info:    Checking defaults for OML/cmm/m/it on input line 8.
LaTeX Font Info:    ... okay on input line 8.
LaTeX Font Info:    Checking defaults for T1/cmr/m/n on input line 8.
LaTeX Font Info:    ... okay on input line 8.
LaTeX Font Info:    Checking defaults for OT1/cmr/m/n on input line 8.
LaTeX Font Info:    ... okay on input line 8.
LaTeX Font Info:    Checking defaults for OMS/cmsy/m/n on input line 8.
LaTeX Font Info:    ... okay on input line 8.
LaTeX Font Info:    Checking defaults for OMX/cmex/m/n on input line 8.
LaTeX Font Info:    ... okay on input line 8.
LaTeX Font Info:    Checking defaults for U/cmr/m/n on input line 8.
LaTeX Font Info:    ... okay on input line 8.
 (/usr/share/texmf-texlive/tex/latex/ucs/ucsencs.def
File: ucsencs.def 2003/11/29 Fixes to fontencodings LGR, T3
)
LaTeX Font Info:    External font `cmex10' loaded for size
(Font)              <12> on input line 10.
LaTeX Font Info:    External font `cmex10' loaded for size
(Font)              <8> on input line 10.
LaTeX Font Info:    External font `cmex10' loaded for size
(Font)              <6> on input line 10.
 (./interface_functions.toc
LaTeX Font Info:    External font `cmex10' loaded for size
(Font)              <7> on input line 3.
LaTeX Font Info:    External font `cmex10' loaded for size
(Font)              <5> on input line 3.
 [1

{/var/lib/texmf/fonts/map/pdftex/updmap/pdftex.map}])
\tf@toc=\write3
\openout3 = `interface_functions.toc'.

LaTeX Font Info:    Font shape `OT1/cmtt/bx/n' in size <12> not available
(Font)              Font shape `OT1/cmtt/m/n' tried instead on input line 21.

Overfull \hbox (22.4968pt too wide) in paragraph at lines 46--46
[]                \OT1/cmtt/m/n/10 the size of one side of the simulation "worl
d". Units:[] 
 []


Overfull \hbox (1.49698pt too wide) in paragraph at lines 46--46
[]        \OT1/cmtt/m/n/10 The simulation "world" is always assumed to be a cub
e with[] 
 []


Overfull \hbox (22.4968pt too wide) in paragraph at lines 46--46
[]        \OT1/cmtt/m/n/10 *periodic boundary conditions*, with 1 corner at [0,
 0, 0] and[] 
 []

[2]
Overfull \hbox (17.24684pt too wide) in paragraph at lines 76--76
[]            \OT1/cmtt/m/n/10 the radius for this Species in/on this Region or
 Surface.[] 
 []


Overfull \hbox (17.24684pt too wide) in paragraph at lines 76--76
[]            \OT1/cmtt/m/n/10 the Region or Surface in/on which this Species c
an exist.[] 
 []


Overfull \hbox (22.4968pt too wide) in paragraph at lines 76--76
[]            \OT1/cmtt/m/n/10 Optional. If you do not specify a Structure the 
Species is[] 
 []


Overfull \hbox (1.49698pt too wide) in paragraph at lines 76--76
[]    \OT1/cmtt/m/n/10 If a certain Species should be able to exist in the "wor
ld" as[] 
 []


Overfull \hbox (11.99689pt too wide) in paragraph at lines 76--76
[]    \OT1/cmtt/m/n/10 well as in/on one of the previously created Regions or S
urfaces,[] 
 []


Overfull \hbox (17.24684pt too wide) in paragraph at lines 164--164
[]        \OT1/cmtt/m/n/10 the vector [x, y, z] from the corner closest to [0, 
0, 0], to[] 
 []

[3]
Overfull \hbox (22.4968pt too wide) in paragraph at lines 164--164
[]\OT1/cmtt/m/n/10 """create_cylindrical_surface(id, corner, radius, orientatio
n, length)[] 
 []


Overfull \hbox (1.49698pt too wide) in paragraph at lines 164--164
[]        \OT1/cmtt/m/n/10 the point [x, y, z] on the axis of the cylinder clos
est to[] 
 []


Overfull \hbox (6.74693pt too wide) in paragraph at lines 164--164
[]        \OT1/cmtt/m/n/10 the unit vector [1, 0, 0], [0, 1, 0] or [0, 0, 1] al
ong the[] 
 []


Overfull \hbox (22.4968pt too wide) in paragraph at lines 164--164
[]        \OT1/cmtt/m/n/10 the length of the cylinder. Should be equal to the w
orld_size.[] 
 []


Overfull \hbox (32.9967pt too wide) in paragraph at lines 164--164
[]\OT1/cmtt/m/n/10 """create_planar_surface(id, corner, unit_x, unit_y, length_
x, length_y)[] 
 []


Overfull \hbox (17.24684pt too wide) in paragraph at lines 164--164
[]        \OT1/cmtt/m/n/10 the point [x, y, z] on the plane closest to [0, 0, 0
]. Units:[] 
 []


Overfull \hbox (27.74675pt too wide) in paragraph at lines 164--164
[]        \OT1/cmtt/m/n/10 a unit vector [1, 0, 0], [0, 1, 0] or [0, 0, 1] alon
g the plane[] 
 []


Overfull \hbox (27.74675pt too wide) in paragraph at lines 164--164
[]        \OT1/cmtt/m/n/10 the length of the plane along the unit vector unit_x
. Should be[] 
 []


Overfull \hbox (27.74675pt too wide) in paragraph at lines 164--164
[]        \OT1/cmtt/m/n/10 the length of the plane along the unit vector unit_y
. Should be[] 
 []

[4]
Overfull \hbox (11.99689pt too wide) in paragraph at lines 180--180
[]        \OT1/cmtt/m/n/10 """Add a Structure (Region or Surface) to the Partic
leModel.[] 
 []


Overfull \hbox (6.74693pt too wide) in paragraph at lines 180--180
[]              \OT1/cmtt/m/n/10 a Region or Surface created with one of the fu
nctions[] 
 []


Overfull \hbox (1.49698pt too wide) in paragraph at lines 198--198
[]        \OT1/cmtt/m/n/10 """Set all 'other' possible ReactionRules to be repu
lsive.[] 
 []


Overfull \hbox (1.49698pt too wide) in paragraph at lines 198--198
[]            \OT1/cmtt/m/n/10 - a repulsive bimolecular reaction rule (k=0) fo
r each[] 
 []


Overfull \hbox (32.9967pt too wide) in paragraph at lines 222--222
[]            \OT1/cmtt/m/n/10 reaction rate. Units: per second. (Rough order o
f magnitude:[] 
 []


Overfull \hbox (32.9967pt too wide) in paragraph at lines 222--222
[]    \OT1/cmtt/m/n/10 There is no distinction between an intrinsic and an over
all reaction[] 
 []

[5]
Overfull \hbox (32.9967pt too wide) in paragraph at lines 241--241
[]            \OT1/cmtt/m/n/10 reaction rate. Units: per second. (Rough order o
f magnitude:[] 
 []


Overfull \hbox (32.9967pt too wide) in paragraph at lines 241--241
[]    \OT1/cmtt/m/n/10 There is no distinction between an intrinsic and an over
all reaction[] 
 []


Overfull \hbox (27.74675pt too wide) in paragraph at lines 269--269
[]            \OT1/cmtt/m/n/10 intrinsic reaction rate. Units: meters^3 per sec
ond. (Rough[] 
 []


Overfull \hbox (27.74675pt too wide) in paragraph at lines 269--269
[]    \OT1/cmtt/m/n/10 overall reaction rate (kon) to an intrinsic reaction rat
e (ka) with[] 
 []


Overfull \hbox (27.74675pt too wide) in paragraph at lines 269--269
[]    \OT1/cmtt/m/n/10 the function utils.k_a(kon, kD), but only for reaction r
ules in 3D.[] 
 []


Overfull \hbox (17.24684pt too wide) in paragraph at lines 269--269
[]    \OT1/cmtt/m/n/10 bimolecular reaction rule (ka=0) for each possible combi
nation of[] 
 []


Overfull \hbox (1.49698pt too wide) in paragraph at lines 269--269
[]    \OT1/cmtt/m/n/10 reactants for which no bimolecular reaction rule is spec
ified.[] 
 []


Overfull \hbox (17.24684pt too wide) in paragraph at lines 269--269
[]    \OT1/cmtt/m/n/10 You can explicitly add these reaction rules to the model
 with the[] 
 []


Overfull \hbox (11.99689pt too wide) in paragraph at lines 302--302
[]\OT1/cmtt/m/n/10 def create_binding_reaction_rule(reactant1, reactant2, produ
ct, ka):[] 
 []

[6]
Overfull \hbox (27.74675pt too wide) in paragraph at lines 302--302
[]            \OT1/cmtt/m/n/10 intrinsic reaction rate. Units: meters^3 per sec
ond. (Rough[] 
 []


Overfull \hbox (27.74675pt too wide) in paragraph at lines 302--302
[]    \OT1/cmtt/m/n/10 overall reaction rate (kon) to an intrinsic reaction rat
e (ka) with[] 
 []


Overfull \hbox (27.74675pt too wide) in paragraph at lines 302--302
[]    \OT1/cmtt/m/n/10 the function utils.k_a(kon, kD), but only for reaction r
ules in 3D.[] 
 []


Overfull \hbox (17.24684pt too wide) in paragraph at lines 302--302
[]    \OT1/cmtt/m/n/10 bimolecular reaction rule (ka=0) for each possible combi
nation of[] 
 []


Overfull \hbox (1.49698pt too wide) in paragraph at lines 302--302
[]    \OT1/cmtt/m/n/10 reactants for which no bimolecular reaction rule is spec
ified.[] 
 []


Overfull \hbox (17.24684pt too wide) in paragraph at lines 302--302
[]    \OT1/cmtt/m/n/10 You can explicitly add these reaction rules to the model
 with the[] 
 []


Overfull \hbox (17.24684pt too wide) in paragraph at lines 332--332
[]\OT1/cmtt/m/n/10 def create_unbinding_reaction_rule(reactant, product1, produ
ct2, kd):[] 
 []


Overfull \hbox (27.74675pt too wide) in paragraph at lines 332--332
[]            \OT1/cmtt/m/n/10 intrinsic reaction rate. Units: per second. (Rou
gh order of[] 
 []


Overfull \hbox (27.74675pt too wide) in paragraph at lines 332--332
[]    \OT1/cmtt/m/n/10 overall reaction rate (koff) for this reaction rule to a
n intrinsic[] 
 []

[7]
Overfull \hbox (11.99689pt too wide) in paragraph at lines 332--332
[]    \OT1/cmtt/m/n/10 reaction rate (kd) with the function utils.k_d(koff, kon
, kD) or[] 
 []


Overfull \hbox (1.49698pt too wide) in paragraph at lines 378--378
[]    \OT1/cmtt/m/n/10 The world object keeps track of the positions of the par
ticles[] 
 []


Overfull \hbox (32.9967pt too wide) in paragraph at lines 378--378
[]            \OT1/cmtt/m/n/10 a ParticleModel previously created with model.Pa
rticleModel.[] 
 []


Overfull \hbox (27.74675pt too wide) in paragraph at lines 378--378
[]            \OT1/cmtt/m/n/10 the number of cells in the MatrixSpace along the
 x, y and z[] 
 []


Overfull \hbox (27.74675pt too wide) in paragraph at lines 378--378
[]            \OT1/cmtt/m/n/10 axis. Leave it to the default number if you don'
t know what[] 
 []


Overfull \hbox (43.49661pt too wide) in paragraph at lines 378--378
[]    \OT1/cmtt/m/n/10 The simulation cube "world" is divided into (matrix_size
 x matrix_size[] 
 []


Overfull \hbox (22.4968pt too wide) in paragraph at lines 378--378
[]    \OT1/cmtt/m/n/10 x matrix_size) cells. Together these cells form a Matrix
Space. The[] 
 []


Overfull \hbox (27.74675pt too wide) in paragraph at lines 378--378
[]    \OT1/cmtt/m/n/10 MatrixSpace keeps track in which cell every particle and
 protective[] 
 []


Overfull \hbox (11.99689pt too wide) in paragraph at lines 378--378
[]    \OT1/cmtt/m/n/10 neighbours of particle, only objects in the same cell an
d the 26[] 
 []


Overfull \hbox (11.99689pt too wide) in paragraph at lines 378--378
[]    \OT1/cmtt/m/n/10 (3x3x3 - 1) neighbouring cells (the simulation cube has 
periodic[] 
 []


Overfull \hbox (17.24684pt too wide) in paragraph at lines 378--378
[]    \OT1/cmtt/m/n/10 The matrix_size limits the size of the protective domain
s. If you[] 
 []


Overfull \hbox (27.74675pt too wide) in paragraph at lines 378--378
[]    \OT1/cmtt/m/n/10 have fewer particles, you want a smaller matrix_size, su
ch that the[] 
 []


Overfull \hbox (17.24684pt too wide) in paragraph at lines 378--378
[]    \OT1/cmtt/m/n/10 protective domains and thus the eGFRD timesteps can be l
arger. If[] 
 []


Overfull \hbox (17.24684pt too wide) in paragraph at lines 378--378
[]    \OT1/cmtt/m/n/10 you have more particles, you want a larger matrix_size, 
such that[] 
 []


Overfull \hbox (1.49698pt too wide) in paragraph at lines 378--378
[]    \OT1/cmtt/m/n/10 (N * 6) ** (1. / 3.) is used, where N is the average num
ber of[] 
 []

[8]
Overfull \hbox (1.49698pt too wide) in paragraph at lines 400--400
[]\OT1/cmtt/m/n/10 def get_closest_surface_within_radius(world, pos, radius, ig
nore):[] 
 []


Overfull \hbox (6.74693pt too wide) in paragraph at lines 419--419
[]    \OT1/cmtt/m/n/10 """Add n particles of a certain Species to the specified
 world.[] 
 []


Overfull \hbox (6.74693pt too wide) in paragraph at lines 419--419
[]    \OT1/cmtt/m/n/10 Make sure to first add the Species to the model with the
 method[] 
 []


Overfull \hbox (22.4968pt too wide) in paragraph at lines 437--437
[]    \OT1/cmtt/m/n/10 """Place a particle of a certain Species at a specific p
osition in[] 
 []


Overfull \hbox (38.24666pt too wide) in paragraph at lines 437--437
[]            \OT1/cmtt/m/n/10 a position vector [x, y, z]. Units: [meters, met
ers, meters].[] 
 []


Overfull \hbox (6.74693pt too wide) in paragraph at lines 437--437
[]    \OT1/cmtt/m/n/10 Make sure to first add the Species to the model with the
 method[] 
 []

[9]
Overfull \hbox (11.99689pt too wide) in paragraph at lines 505--505
[]    \OT1/cmtt/m/n/10 def __init__(self, world, rng=myrandom.rng, network_rule
s=None):[] 
 []

[10]
Overfull \hbox (17.24684pt too wide) in paragraph at lines 505--505
[]                \OT1/cmtt/m/n/10 a random number generator. By default myrand
om.rng is[] 
 []


Overfull \hbox (27.74675pt too wide) in paragraph at lines 505--505
[]                \OT1/cmtt/m/n/10 used, which uses Mersenne Twister from the G
SL library.[] 
 []


Overfull \hbox (53.99652pt too wide) in paragraph at lines 505--505
[]                \OT1/cmtt/m/n/10 you don't need to use this, for backward com
patibility only.[] 
 []


Overfull \hbox (41.35085pt too wide) in paragraph at lines 513--514
\OT1/cmr/m/n/10 (Function be-longs to EGFRD-Sim-u-la-tor class, call with \OT1/
cmtt/m/n/10 EGFRDSimulator.get[]next[]time\OT1/cmr/m/n/10 .) 
 []


Overfull \hbox (17.24684pt too wide) in paragraph at lines 536--536
[]        \OT1/cmtt/m/n/10 asynchronously. This method bursts all protective do
mains and[] 
 []


Overfull \hbox (27.74675pt too wide) in paragraph at lines 536--536
[]                \OT1/cmtt/m/n/10 the time at which to synchronize the particl
es. Usually[] 
 []


Overfull \hbox (27.74675pt too wide) in paragraph at lines 536--536
[]                \OT1/cmtt/m/n/10 you will want to use the current time of the
 simulator:[] 
 []


Overfull \hbox (22.4968pt too wide) in paragraph at lines 536--536
[]        \OT1/cmtt/m/n/10 This method is called stop because it is usually cal
led at the[] 
 []


Overfull \hbox (17.24684pt too wide) in paragraph at lines 536--536
[]        \OT1/cmtt/m/n/10 end of a simulation. It is possible to call this met
hod at an[] 
 []


Overfull \hbox (22.4968pt too wide) in paragraph at lines 536--536
[]        \OT1/cmtt/m/n/10 earlier time. For example the Logger module does thi
s, because[] 
 []


Overfull \hbox (6.74693pt too wide) in paragraph at lines 536--536
[]        \OT1/cmtt/m/n/10 it needs to know the positions of the particles at e
ach log[] 
 []


Overfull \hbox (41.35085pt too wide) in paragraph at lines 537--538
\OT1/cmr/m/n/10 (Function be-longs to EGFRD-Sim-u-la-tor class, call with \OT1/
cmtt/m/n/10 EGFRDSimulator.get[]next[]time\OT1/cmr/m/n/10 .) 
 []


Overfull \hbox (41.35085pt too wide) in paragraph at lines 548--549
\OT1/cmr/m/n/10 (Function be-longs to EGFRD-Sim-u-la-tor class, call with \OT1/
cmtt/m/n/10 EGFRDSimulator.get[]next[]time\OT1/cmr/m/n/10 .) 
 []

[11]
Overfull \hbox (6.74693pt too wide) in paragraph at lines 560--560
[]    \OT1/cmtt/m/n/10 This function resets the "records" of the simulator. Thi
s means[] 
 []


Overfull \hbox (1.49698pt too wide) in paragraph at lines 560--560
[]    \OT1/cmtt/m/n/10 the simulator time is reset, the step counter is reset, 
events[] 
 []


Overfull \hbox (41.35085pt too wide) in paragraph at lines 561--562
\OT1/cmr/m/n/10 (Function be-longs to EGFRD-Sim-u-la-tor class, call with \OT1/
cmtt/m/n/10 EGFRDSimulator.get[]next[]time\OT1/cmr/m/n/10 .) 
 []


Overfull \hbox (1.49698pt too wide) in paragraph at lines 605--605
[]\OT1/cmtt/m/n/10 def get_closest_surface_within_radius(world, pos, radius, ig
nore):[] 
 []

[12] [13]
Overfull \hbox (32.9967pt too wide) in paragraph at lines 704--704
[]    \OT1/cmtt/m/n/10 """ Return a generator (using "yield") to loop over (pid
, particle).[] 
 []


Overfull \hbox (17.24684pt too wide) in paragraph at lines 719--719
[]            \OT1/cmtt/m/n/10 a Species or the name of a Species. If none is s
pecified,[] 
 []


Overfull \hbox (27.74675pt too wide) in paragraph at lines 719--719
[]            \OT1/cmtt/m/n/10 all (particle identifier, particle)-pairs will b
e returned.[] 
 []

[14]
Overfull \hbox (17.24684pt too wide) in paragraph at lines 734--734
[]            \OT1/cmtt/m/n/10 a Species or the name of a Species. If none is s
pecified,[] 
 []


Overfull \hbox (27.74675pt too wide) in paragraph at lines 734--734
[]            \OT1/cmtt/m/n/10 all (particle identifier, particle)-pairs will b
e returned.[] 
 []


Overfull \hbox (27.74675pt too wide) in paragraph at lines 763--763
[]            \OT1/cmtt/m/n/10 (Species name, number of particles)-pairs will b
e returned.[] 
 []


Overfull \hbox (22.4968pt too wide) in paragraph at lines 779--779
[]    \OT1/cmtt/m/n/10 """Return a string containing the number of particles of
 a certain[] 
 []


Overfull \hbox (22.4968pt too wide) in paragraph at lines 779--779
[]            \OT1/cmtt/m/n/10 a string of (Species name, number of particles)-
pairs will[] 
 []

[15]
Overfull \hbox (27.74675pt too wide) in paragraph at lines 791--791
[]    \OT1/cmtt/m/n/10 """Return an iterator over the protective domains in the
 simulator.[] 
 []


Overfull \hbox (11.99689pt too wide) in paragraph at lines 820--820
[]    \OT1/cmtt/m/n/10 """Return three lists with all the reaction rules define
d in the[] 
 []


Overfull \hbox (6.74693pt too wide) in paragraph at lines 820--820
[]        \OT1/cmtt/m/n/10 - reaction rules between two reactants with a reacti
on rate[] 
 []


Overfull \hbox (17.24684pt too wide) in paragraph at lines 828--828
[]    \OT1/cmtt/m/n/10 ReactionRule.__str__ would be good, but we are actually 
getting a[] 
 []


Overfull \hbox (1.49698pt too wide) in paragraph at lines 840--840
[]    \OT1/cmtt/m/n/10 """Return a formatted string containing all the reaction
 rules[] 
 []

[16]
Overfull \hbox (17.24684pt too wide) in paragraph at lines 879--879
[]    \OT1/cmtt/m/n/10 """Return True if a and b are equal, subject to given to
lerances.[] 
 []


Overfull \hbox (6.74693pt too wide) in paragraph at lines 879--879
[]    \OT1/cmtt/m/n/10 relative tolerance multipied by this typical value, and 
will be[] 
 []


Overfull \hbox (27.74675pt too wide) in paragraph at lines 879--879
[]    \OT1/cmtt/m/n/10 """Return True if a is greater than b, subject to given 
tolerances.[] 
 []


Overfull \hbox (11.99689pt too wide) in paragraph at lines 879--879
[]    \OT1/cmtt/m/n/10 """Return True if a is less than b, subject to given tol
erances.[] 
 []


Overfull \hbox (11.99689pt too wide) in paragraph at lines 879--879
[]    \OT1/cmtt/m/n/10 """Return True if a is greater or equal than b, subject 
to given[] 
 []


Overfull \hbox (22.4968pt too wide) in paragraph at lines 879--879
[]    \OT1/cmtt/m/n/10 """Return True if a is less than or equal than b, subjec
t to given[] 
 []


Overfull \hbox (6.74693pt too wide) in paragraph at lines 919--919
[]    \OT1/cmtt/m/n/10 """Convert a reaction rate from units 'per molar per sec
ond' to[] 
 []

[17]
Overfull \hbox (32.9967pt too wide) in paragraph at lines 919--919
[]    \OT1/cmtt/m/n/10 """Convert a reaction rate from units 'per micromolar pe
r second' to[] 
 []


Overfull \hbox (11.99689pt too wide) in paragraph at lines 919--919
[]    \OT1/cmtt/m/n/10 """Convert a concentration from units 'micromolar' to un
its 'per[] 
 []


Overfull \hbox (17.24684pt too wide) in paragraph at lines 1074--1074
[]    \OT1/cmtt/m/n/10 """Calculate the 'pseudo-'reaction rate (kD) caused by d
iffusion.[] 
 []


Overfull \hbox (22.4968pt too wide) in paragraph at lines 1074--1074
[]    \OT1/cmtt/m/n/10 kD is equal to 1 divided by the time it takes for two pa
rticles to[] 
 []


Overfull \hbox (6.74693pt too wide) in paragraph at lines 1074--1074
[]    \OT1/cmtt/m/n/10 meet each other by diffusion. It is needed when converti
ng from[] 
 []


Overfull \hbox (6.74693pt too wide) in paragraph at lines 1074--1074
[]    \OT1/cmtt/m/n/10 an intrinsic reaction rate to an overall reaction rates 
or vice[] 
 []


Overfull \hbox (6.74693pt too wide) in paragraph at lines 1074--1074
[]            \OT1/cmtt/m/n/10 the diffusion constant of particle A plus the di
ffusion[] 
 []


Overfull \hbox (6.74693pt too wide) in paragraph at lines 1074--1074
[]            \OT1/cmtt/m/n/10 the radius of particle A plus the radius of part
icle B.[] 
 []

[18]
Overfull \hbox (32.9967pt too wide) in paragraph at lines 1074--1074
[]    \OT1/cmtt/m/n/10 """Convert an overall reaction rate (kon) for a binding/
annihilation[] 
 []


Overfull \hbox (6.74693pt too wide) in paragraph at lines 1074--1074
[]            \OT1/cmtt/m/n/10 the overall reaction rate for the reaction rule.
 Units:[] 
 []


Overfull \hbox (32.9967pt too wide) in paragraph at lines 1074--1074
[]    \OT1/cmtt/m/n/10 """Convert an overall reaction rate (koff) for an unbind
ing reaction[] 
 []


Overfull \hbox (11.99689pt too wide) in paragraph at lines 1074--1074
[]    \OT1/cmtt/m/n/10 This one is a bit tricky. We consider reaction rules wit
h only 1[] 
 []


Overfull \hbox (11.99689pt too wide) in paragraph at lines 1074--1074
[]    \OT1/cmtt/m/n/10 reactant. In case there is only 1 product also, no conve
rsion in[] 
 []


Overfull \hbox (11.99689pt too wide) in paragraph at lines 1074--1074
[]    \OT1/cmtt/m/n/10 necessary. But when the reaction rule has 2 products, we
 need to[] 
 []

[19]
Overfull \hbox (22.4968pt too wide) in paragraph at lines 1074--1074
[]            \OT1/cmtt/m/n/10 the overall reaction rate for the unbinding reac
tion rule.[] 
 []


Overfull \hbox (11.99689pt too wide) in paragraph at lines 1074--1074
[]            \OT1/cmtt/m/n/10 the overall reaction rate for the reverse reacti
on rule.[] 
 []


Overfull \hbox (32.9967pt too wide) in paragraph at lines 1074--1074
[]    \OT1/cmtt/m/n/10 """Convert an overall reaction rate (koff) for an unbind
ing reaction[] 
 []


Overfull \hbox (17.24684pt too wide) in paragraph at lines 1074--1074
[]    \OT1/cmtt/m/n/10 Similar to the function k_d(), but expects an intrinsic 
rate (ka)[] 
 []


Overfull \hbox (22.4968pt too wide) in paragraph at lines 1074--1074
[]    \OT1/cmtt/m/n/10 instead of an overall rate (kon) for the reversed reacti
on rule as[] 
 []


Overfull \hbox (38.24666pt too wide) in paragraph at lines 1074--1074
[]    \OT1/cmtt/m/n/10 """Convert an intrinsic reaction rate (ka) for a binding
/annihilation[] 
 []

[20]
Overfull \hbox (32.9967pt too wide) in paragraph at lines 1074--1074
[]    \OT1/cmtt/m/n/10 """Convert an intrinsic reaction rate (kd) for an unbind
ing reaction[] 
 []


Overfull \hbox (32.9967pt too wide) in paragraph at lines 1074--1074
[]    \OT1/cmtt/m/n/10 """Convert an intrinsic reaction rate (kd) for an unbind
ing reaction[] 
 []


Overfull \hbox (1.49698pt too wide) in paragraph at lines 1074--1074
[]    \OT1/cmtt/m/n/10 Similar to the function k_off(), but expects an intrinsi
c rate[] 
 []

[21]
LaTeX Font Info:    Font shape `OT1/cmtt/bx/n' in size <10> not available
(Font)              Font shape `OT1/cmtt/m/n' tried instead on input line 1134.

 [22]
Overfull \hbox (11.99689pt too wide) in paragraph at lines 1177--1177
[]    \OT1/cmtt/m/n/10 def __init__(self, logname='log', directory='data', comm
ent=''):[] 
 []

[23]
Overfull \hbox (374.24373pt too wide) in paragraph at lines 1216--1216
[]  \OT1/cmtt/m/n/10 SpeciesInfo (identifier_type const &id, D_type const &D=0.
, length_type const &r=0., structure_id_type const &s="", v_type const &v=0.)[]
 
 []


Overfull \hbox (64.49643pt too wide) in paragraph at lines 1216--1216
[]\OT1/cmtt/m/n/10 template<typename Tid_, typename TD_, typename Tlen_, typena
me Tstructure_id_>[] 
 []

[24] (./interface_functions.aux) ) 
Here is how much of TeX's memory you used:
 508 strings out of 95086
 7761 string characters out of 1183255
 67134 words of memory out of 1500000
 3731 multiletter control sequences out of 10000+50000
 8578 words of font info for 31 fonts, out of 1200000 for 2000
 28 hyphenation exceptions out of 8191
 23i,8n,20p,323b,243s stack positions out of 5000i,500n,6000p,200000b,5000s
</usr/share/texmf-texlive/fonts/type1/bluesky
/cm/cmbx10.pfb></usr/share/texmf-texlive/fonts/type1/bluesky/cm/cmbx12.pfb></us
r/share/texmf-texlive/fonts/type1/bluesky/cm/cmr10.pfb></usr/share/texmf-texliv
e/fonts/type1/bluesky/cm/cmr12.pfb></usr/share/texmf-texlive/fonts/type1/bluesk
y/cm/cmr17.pfb></usr/share/texmf-texlive/fonts/type1/bluesky/cm/cmr6.pfb></usr/
share/texmf-texlive/fonts/type1/bluesky/cm/cmr7.pfb></usr/share/texmf-texlive/f
onts/type1/bluesky/cm/cmr8.pfb></usr/share/texmf-texlive/fonts/type1/bluesky/cm
/cmti10.pfb></usr/share/texmf-texlive/fonts/type1/bluesky/cm/cmtt10.pfb></usr/s
hare/texmf-texlive/fonts/type1/bluesky/cm/cmtt12.pfb>
Output written on interface_functions.pdf (24 pages, 109202 bytes).
PDF statistics:
 123 PDF objects out of 1000 (max. 8388607)
 0 named destinations out of 1000 (max. 131072)
 1 words of extra memory for PDF output out of 10000 (max. 10000000)

